<?xml version="1.0" encoding="UTF-8"?>
<!-- Generated by org.testng.reporters.JUnitXMLReporter -->
<testsuite ignored="0" hostname="192.168.1.4" failures="0" tests="3" name="user-mike" time="0.021" errors="0" timestamp="2025-01-11T10:36:33 IST">
  <testcase classname="tests.AbstractTest" name="@BeforeTest setWebDriver" time="0.008">
    <failure type="java.net.MalformedURLException" message="Error at index 4 in: &amp;quot;4444:4444&amp;quot;">
      <![CDATA[java.net.MalformedURLException: Error at index 4 in: "4444:4444"
at java.base/java.net.URL.<init>(URL.java:708)
at java.base/java.net.URL.<init>(URL.java:569)
at java.base/java.net.URL.<init>(URL.java:516)
at tests.AbstractTest.getRemoteDriver(AbstractTest.java:45)
at tests.AbstractTest.setWebDriver(AbstractTest.java:32)
at java.base/java.util.concurrent.FutureTask.run(FutureTask.java:264)
at java.base/java.util.concurrent.ThreadPoolExecutor.runWorker(ThreadPoolExecutor.java:1136)
at java.base/java.util.concurrent.ThreadPoolExecutor$Worker.run(ThreadPoolExecutor.java:635)
at java.base/java.lang.Thread.run(Thread.java:840)
Caused by: java.lang.NumberFormatException: Error at index 4 in: "4444:4444"
at java.base/java.lang.NumberFormatException.forCharSequence(NumberFormatException.java:83)
at java.base/java.lang.Integer.parseInt(Integer.java:751)
at java.base/java.net.URLStreamHandler.parseURL(URLStreamHandler.java:237)
at java.base/java.net.URL.<init>(URL.java:703)
... 22 more
... Removed 14 stack frames]]>
    </failure>
  </testcase> <!-- @BeforeTest setWebDriver -->
  <testcase classname="tests.DashBoardTest.DashBoardTest" name="@BeforeTest setPageObject" time="0.0">
    <skipped/>
  </testcase> <!-- @BeforeTest setPageObject -->
  <testcase classname="tests.AbstractTest" name="@AfterTest quitDriver" time="0.0">
    <skipped/>
  </testcase> <!-- @AfterTest quitDriver -->
  <testcase classname="tests.DashBoardTest.DashBoardTest" name="loginTest" time="0.0">
    <skipped/>
  </testcase> <!-- loginTest -->
  <testcase classname="tests.DashBoardTest.DashBoardTest" name="DashBoardTestSam" time="0.0">
    <skipped/>
  </testcase> <!-- DashBoardTestSam -->
  <testcase classname="tests.DashBoardTest.DashBoardTest" name="logoutTest" time="0.0">
    <skipped/>
  </testcase> <!-- logoutTest -->
</testsuite> <!-- user-mike -->
