<?xml version="1.0" encoding="UTF-8"?>
<!-- Generated by org.testng.reporters.JUnitXMLReporter -->
<testsuite ignored="0" hostname="192.168.1.4" failures="0" tests="3" name="user-john" time="0.022" errors="0" timestamp="2025-01-11T10:36:33 IST">
  <testcase classname="tests.DashBoardTest.DashBoardTest" name="loginTest" time="0.0">
    <skipped/>
  </testcase> <!-- loginTest -->
  <testcase classname="tests.DashBoardTest.DashBoardTest" name="DashBoardTestSam" time="0.0">
    <skipped/>
  </testcase> <!-- DashBoardTestSam -->
  <testcase classname="tests.DashBoardTest.DashBoardTest" name="logoutTest" time="0.0">
    <skipped/>
  </testcase> <!-- logoutTest -->
</testsuite> <!-- user-john -->
